myHadoop: Setting MH_IPOIB_TRANSFORM='s/\([^.]*\).*$/\1.ibnet/' from myhadoop.conf
myHadoop: Setting MH_SCRATCH_DIR=/scratch/$USER/$SLURM_JOBID from myhadoop.conf
myHadoop: Using HADOOP_HOME=/opt/hadoop/2.6.0
myHadoop: Using MH_SCRATCH_DIR=/scratch/avt0332/20433827
myHadoop: Using JAVA_HOME=/usr/java/latest
myHadoop: Generating Hadoop configuration in directory in /home/avt0332/cometcluster...
myHadoop: Backing up old config dir to /home/avt0332/cometcluster.12...
`/home/avt0332/cometcluster' -> `/home/avt0332/cometcluster.12'
myHadoop: Designating comet-13-46.ibnet as master node (namenode, secondary namenode, and jobtracker)
myHadoop: The following nodes will be slaves (datanode, tasktracer):
comet-13-46.ibnet
comet-13-50.ibnet
comet-13-67.ibnet
18/12/04 22:09:02 INFO namenode.NameNode: STARTUP_MSG: 
/************************************************************
STARTUP_MSG: Starting NameNode
STARTUP_MSG:   host = comet-13-46.sdsc.edu/198.202.114.224
STARTUP_MSG:   args = [-format]
STARTUP_MSG:   version = 2.6.0
STARTUP_MSG:   classpath = /home/avt0332/cometcluster:/opt/hadoop/2.6.0/share/hadoop/common/lib/protobuf-java-2.5.0.jar:/opt/hadoop/2.6.0/share/hadoop/common/lib/zookeeper-3.4.6.jar:/opt/hadoop/2.6.0/share/hadoop/common/lib/servlet-api-2.5.jar:/opt/hadoop/2.6.0/share/hadoop/common/lib/commons-compress-1.4.1.jar:/opt/hadoop/2.6.0/share/hadoop/common/lib/api-asn1-api-1.0.0-M20.jar:/opt/hadoop/2.6.0/share/hadoop/common/lib/curator-client-2.6.0.jar:/opt/hadoop/2.6.0/share/hadoop/common/lib/hadoop-auth-2.6.0.jar:/opt/hadoop/2.6.0/share/hadoop/common/lib/commons-cli-1.2.jar:/opt/hadoop/2.6.0/share/hadoop/common/lib/commons-codec-1.4.jar:/opt/hadoop/2.6.0/share/hadoop/common/lib/snappy-java-1.0.4.1.jar:/opt/hadoop/2.6.0/share/hadoop/common/lib/slf4j-log4j12-1.7.5.jar:/opt/hadoop/2.6.0/share/hadoop/common/lib/jackson-jaxrs-1.9.13.jar:/opt/hadoop/2.6.0/share/hadoop/common/lib/httpclient-4.2.5.jar:/opt/hadoop/2.6.0/share/hadoop/common/lib/xmlenc-0.52.jar:/opt/hadoop/2.6.0/share/hadoop/common/lib/netty-3.6.2.Final.jar:/opt/hadoop/2.6.0/share/hadoop/common/lib/commons-net-3.1.jar:/opt/hadoop/2.6.0/share/hadoop/common/lib/apacheds-kerberos-codec-2.0.0-M15.jar:/opt/hadoop/2.6.0/share/hadoop/common/lib/java-xmlbuilder-0.4.jar:/opt/hadoop/2.6.0/share/hadoop/common/lib/commons-collections-3.2.1.jar:/opt/hadoop/2.6.0/share/hadoop/common/lib/jaxb-impl-2.2.3-1.jar:/opt/hadoop/2.6.0/share/hadoop/common/lib/jetty-6.1.26.jar:/opt/hadoop/2.6.0/share/hadoop/common/lib/jersey-server-1.9.jar:/opt/hadoop/2.6.0/share/hadoop/common/lib/commons-el-1.0.jar:/opt/hadoop/2.6.0/share/hadoop/common/lib/mockito-all-1.8.5.jar:/opt/hadoop/2.6.0/share/hadoop/common/lib/curator-framework-2.6.0.jar:/opt/hadoop/2.6.0/share/hadoop/common/lib/jets3t-0.9.0.jar:/opt/hadoop/2.6.0/share/hadoop/common/lib/xz-1.0.jar:/opt/hadoop/2.6.0/share/hadoop/common/lib/jetty-util-6.1.26.jar:/opt/hadoop/2.6.0/share/hadoop/common/lib/junit-4.11.jar:/opt/hadoop/2.6.0/share/hadoop/common/lib/jasper-compiler-5.5.23.jar:/opt/hadoop/2.6.0/share/hadoop/common/lib/commons-io-2.4.jar:/opt/hadoop/2.6.0/share/hadoop/common/lib/jersey-core-1.9.jar:/opt/hadoop/2.6.0/share/hadoop/common/lib/slf4j-api-1.7.5.jar:/opt/hadoop/2.6.0/share/hadoop/common/lib/commons-beanutils-core-1.8.0.jar:/opt/hadoop/2.6.0/share/hadoop/common/lib/commons-math3-3.1.1.jar:/opt/hadoop/2.6.0/share/hadoop/common/lib/commons-digester-1.8.jar:/opt/hadoop/2.6.0/share/hadoop/common/lib/jackson-mapper-asl-1.9.13.jar:/opt/hadoop/2.6.0/share/hadoop/common/lib/jackson-xc-1.9.13.jar:/opt/hadoop/2.6.0/share/hadoop/common/lib/api-util-1.0.0-M20.jar:/opt/hadoop/2.6.0/share/hadoop/common/lib/httpcore-4.2.5.jar:/opt/hadoop/2.6.0/share/hadoop/common/lib/commons-configuration-1.6.jar:/opt/hadoop/2.6.0/share/hadoop/common/lib/activation-1.1.jar:/opt/hadoop/2.6.0/share/hadoop/common/lib/commons-httpclient-3.1.jar:/opt/hadoop/2.6.0/share/hadoop/common/lib/jsp-api-2.1.jar:/opt/hadoop/2.6.0/share/hadoop/common/lib/jettison-1.1.jar:/opt/hadoop/2.6.0/share/hadoop/common/lib/asm-3.2.jar:/opt/hadoop/2.6.0/share/hadoop/common/lib/commons-logging-1.1.3.jar:/opt/hadoop/2.6.0/share/hadoop/common/lib/log4j-1.2.17.jar:/opt/hadoop/2.6.0/share/hadoop/common/lib/commons-beanutils-1.7.0.jar:/opt/hadoop/2.6.0/share/hadoop/common/lib/jaxb-api-2.2.2.jar:/opt/hadoop/2.6.0/share/hadoop/common/lib/commons-lang-2.6.jar:/opt/hadoop/2.6.0/share/hadoop/common/lib/paranamer-2.3.jar:/opt/hadoop/2.6.0/share/hadoop/common/lib/guava-11.0.2.jar:/opt/hadoop/2.6.0/share/hadoop/common/lib/avro-1.7.4.jar:/opt/hadoop/2.6.0/share/hadoop/common/lib/apacheds-i18n-2.0.0-M15.jar:/opt/hadoop/2.6.0/share/hadoop/common/lib/jackson-core-asl-1.9.13.jar:/opt/hadoop/2.6.0/share/hadoop/common/lib/gson-2.2.4.jar:/opt/hadoop/2.6.0/share/hadoop/common/lib/jasper-runtime-5.5.23.jar:/opt/hadoop/2.6.0/share/hadoop/common/lib/jsch-0.1.42.jar:/opt/hadoop/2.6.0/share/hadoop/common/lib/jersey-json-1.9.jar:/opt/hadoop/2.6.0/share/hadoop/common/lib/curator-recipes-2.6.0.jar:/opt/hadoop/2.6.0/share/hadoop/common/lib/jsr305-1.3.9.jar:/opt/hadoop/2.6.0/share/hadoop/common/lib/stax-api-1.0-2.jar:/opt/hadoop/2.6.0/share/hadoop/common/lib/htrace-core-3.0.4.jar:/opt/hadoop/2.6.0/share/hadoop/common/lib/hadoop-annotations-2.6.0.jar:/opt/hadoop/2.6.0/share/hadoop/common/lib/hamcrest-core-1.3.jar:/opt/hadoop/2.6.0/share/hadoop/common/hadoop-common-2.6.0.jar:/opt/hadoop/2.6.0/share/hadoop/common/hadoop-common-2.6.0-tests.jar:/opt/hadoop/2.6.0/share/hadoop/common/hadoop-nfs-2.6.0.jar:/opt/hadoop/2.6.0/share/hadoop/hdfs:/opt/hadoop/2.6.0/share/hadoop/hdfs/lib/protobuf-java-2.5.0.jar:/opt/hadoop/2.6.0/share/hadoop/hdfs/lib/xml-apis-1.3.04.jar:/opt/hadoop/2.6.0/share/hadoop/hdfs/lib/servlet-api-2.5.jar:/opt/hadoop/2.6.0/share/hadoop/hdfs/lib/commons-cli-1.2.jar:/opt/hadoop/2.6.0/share/hadoop/hdfs/lib/commons-daemon-1.0.13.jar:/opt/hadoop/2.6.0/share/hadoop/hdfs/lib/commons-codec-1.4.jar:/opt/hadoop/2.6.0/share/hadoop/hdfs/lib/xercesImpl-2.9.1.jar:/opt/hadoop/2.6.0/share/hadoop/hdfs/lib/xmlenc-0.52.jar:/opt/hadoop/2.6.0/share/hadoop/hdfs/lib/netty-3.6.2.Final.jar:/opt/hadoop/2.6.0/share/hadoop/hdfs/lib/jetty-6.1.26.jar:/opt/hadoop/2.6.0/share/hadoop/hdfs/lib/jersey-server-1.9.jar:/opt/hadoop/2.6.0/share/hadoop/hdfs/lib/commons-el-1.0.jar:/opt/hadoop/2.6.0/share/hadoop/hdfs/lib/jetty-util-6.1.26.jar:/opt/hadoop/2.6.0/share/hadoop/hdfs/lib/commons-io-2.4.jar:/opt/hadoop/2.6.0/share/hadoop/hdfs/lib/jersey-core-1.9.jar:/opt/hadoop/2.6.0/share/hadoop/hdfs/lib/jackson-mapper-asl-1.9.13.jar:/opt/hadoop/2.6.0/share/hadoop/hdfs/lib/jsp-api-2.1.jar:/opt/hadoop/2.6.0/share/hadoop/hdfs/lib/asm-3.2.jar:/opt/hadoop/2.6.0/share/hadoop/hdfs/lib/commons-logging-1.1.3.jar:/opt/hadoop/2.6.0/share/hadoop/hdfs/lib/log4j-1.2.17.jar:/opt/hadoop/2.6.0/share/hadoop/hdfs/lib/commons-lang-2.6.jar:/opt/hadoop/2.6.0/share/hadoop/hdfs/lib/guava-11.0.2.jar:/opt/hadoop/2.6.0/share/hadoop/hdfs/lib/jackson-core-asl-1.9.13.jar:/opt/hadoop/2.6.0/share/hadoop/hdfs/lib/jasper-runtime-5.5.23.jar:/opt/hadoop/2.6.0/share/hadoop/hdfs/lib/jsr305-1.3.9.jar:/opt/hadoop/2.6.0/share/hadoop/hdfs/lib/htrace-core-3.0.4.jar:/opt/hadoop/2.6.0/share/hadoop/hdfs/hadoop-hdfs-2.6.0-tests.jar:/opt/hadoop/2.6.0/share/hadoop/hdfs/hadoop-hdfs-2.6.0.jar:/opt/hadoop/2.6.0/share/hadoop/hdfs/hadoop-hdfs-nfs-2.6.0.jar:/opt/hadoop/2.6.0/share/hadoop/yarn/lib/jline-0.9.94.jar:/opt/hadoop/2.6.0/share/hadoop/yarn/lib/protobuf-java-2.5.0.jar:/opt/hadoop/2.6.0/share/hadoop/yarn/lib/zookeeper-3.4.6.jar:/opt/hadoop/2.6.0/share/hadoop/yarn/lib/servlet-api-2.5.jar:/opt/hadoop/2.6.0/share/hadoop/yarn/lib/commons-compress-1.4.1.jar:/opt/hadoop/2.6.0/share/hadoop/yarn/lib/jersey-client-1.9.jar:/opt/hadoop/2.6.0/share/hadoop/yarn/lib/commons-cli-1.2.jar:/opt/hadoop/2.6.0/share/hadoop/yarn/lib/commons-codec-1.4.jar:/opt/hadoop/2.6.0/share/hadoop/yarn/lib/guice-servlet-3.0.jar:/opt/hadoop/2.6.0/share/hadoop/yarn/lib/jackson-jaxrs-1.9.13.jar:/opt/hadoop/2.6.0/share/hadoop/yarn/lib/netty-3.6.2.Final.jar:/opt/hadoop/2.6.0/share/hadoop/yarn/lib/commons-collections-3.2.1.jar:/opt/hadoop/2.6.0/share/hadoop/yarn/lib/jaxb-impl-2.2.3-1.jar:/opt/hadoop/2.6.0/share/hadoop/yarn/lib/jetty-6.1.26.jar:/opt/hadoop/2.6.0/share/hadoop/yarn/lib/jersey-server-1.9.jar:/opt/hadoop/2.6.0/share/hadoop/yarn/lib/xz-1.0.jar:/opt/hadoop/2.6.0/share/hadoop/yarn/lib/guice-3.0.jar:/opt/hadoop/2.6.0/share/hadoop/yarn/lib/jetty-util-6.1.26.jar:/opt/hadoop/2.6.0/share/hadoop/yarn/lib/commons-io-2.4.jar:/opt/hadoop/2.6.0/share/hadoop/yarn/lib/jersey-core-1.9.jar:/opt/hadoop/2.6.0/share/hadoop/yarn/lib/leveldbjni-all-1.8.jar:/opt/hadoop/2.6.0/share/hadoop/yarn/lib/jackson-mapper-asl-1.9.13.jar:/opt/hadoop/2.6.0/share/hadoop/yarn/lib/jackson-xc-1.9.13.jar:/opt/hadoop/2.6.0/share/hadoop/yarn/lib/activation-1.1.jar:/opt/hadoop/2.6.0/share/hadoop/yarn/lib/commons-httpclient-3.1.jar:/opt/hadoop/2.6.0/share/hadoop/yarn/lib/jersey-guice-1.9.jar:/opt/hadoop/2.6.0/share/hadoop/yarn/lib/jettison-1.1.jar:/opt/hadoop/2.6.0/share/hadoop/yarn/lib/asm-3.2.jar:/opt/hadoop/2.6.0/share/hadoop/yarn/lib/commons-logging-1.1.3.jar:/opt/hadoop/2.6.0/share/hadoop/yarn/lib/javax.inject-1.jar:/opt/hadoop/2.6.0/share/hadoop/yarn/lib/log4j-1.2.17.jar:/opt/hadoop/2.6.0/share/hadoop/yarn/lib/jaxb-api-2.2.2.jar:/opt/hadoop/2.6.0/share/hadoop/yarn/lib/commons-lang-2.6.jar:/opt/hadoop/2.6.0/share/hadoop/yarn/lib/guava-11.0.2.jar:/opt/hadoop/2.6.0/share/hadoop/yarn/lib/jackson-core-asl-1.9.13.jar:/opt/hadoop/2.6.0/share/hadoop/yarn/lib/aopalliance-1.0.jar:/opt/hadoop/2.6.0/share/hadoop/yarn/lib/jersey-json-1.9.jar:/opt/hadoop/2.6.0/share/hadoop/yarn/lib/jsr305-1.3.9.jar:/opt/hadoop/2.6.0/share/hadoop/yarn/lib/stax-api-1.0-2.jar:/opt/hadoop/2.6.0/share/hadoop/yarn/hadoop-yarn-api-2.6.0.jar:/opt/hadoop/2.6.0/share/hadoop/yarn/hadoop-yarn-applications-distributedshell-2.6.0.jar:/opt/hadoop/2.6.0/share/hadoop/yarn/hadoop-yarn-server-applicationhistoryservice-2.6.0.jar:/opt/hadoop/2.6.0/share/hadoop/yarn/hadoop-yarn-applications-unmanaged-am-launcher-2.6.0.jar:/opt/hadoop/2.6.0/share/hadoop/yarn/hadoop-yarn-server-resourcemanager-2.6.0.jar:/opt/hadoop/2.6.0/share/hadoop/yarn/hadoop-yarn-server-common-2.6.0.jar:/opt/hadoop/2.6.0/share/hadoop/yarn/hadoop-yarn-server-nodemanager-2.6.0.jar:/opt/hadoop/2.6.0/share/hadoop/yarn/hadoop-yarn-server-web-proxy-2.6.0.jar:/opt/hadoop/2.6.0/share/hadoop/yarn/hadoop-yarn-client-2.6.0.jar:/opt/hadoop/2.6.0/share/hadoop/yarn/hadoop-yarn-server-tests-2.6.0.jar:/opt/hadoop/2.6.0/share/hadoop/yarn/hadoop-yarn-registry-2.6.0.jar:/opt/hadoop/2.6.0/share/hadoop/yarn/hadoop-yarn-common-2.6.0.jar:/opt/hadoop/2.6.0/share/hadoop/mapreduce/lib/protobuf-java-2.5.0.jar:/opt/hadoop/2.6.0/share/hadoop/mapreduce/lib/commons-compress-1.4.1.jar:/opt/hadoop/2.6.0/share/hadoop/mapreduce/lib/snappy-java-1.0.4.1.jar:/opt/hadoop/2.6.0/share/hadoop/mapreduce/lib/guice-servlet-3.0.jar:/opt/hadoop/2.6.0/share/hadoop/mapreduce/lib/netty-3.6.2.Final.jar:/opt/hadoop/2.6.0/share/hadoop/mapreduce/lib/jersey-server-1.9.jar:/opt/hadoop/2.6.0/share/hadoop/mapreduce/lib/xz-1.0.jar:/opt/hadoop/2.6.0/share/hadoop/mapreduce/lib/guice-3.0.jar:/opt/hadoop/2.6.0/share/hadoop/mapreduce/lib/junit-4.11.jar:/opt/hadoop/2.6.0/share/hadoop/mapreduce/lib/commons-io-2.4.jar:/opt/hadoop/2.6.0/share/hadoop/mapreduce/lib/jersey-core-1.9.jar:/opt/hadoop/2.6.0/share/hadoop/mapreduce/lib/leveldbjni-all-1.8.jar:/opt/hadoop/2.6.0/share/hadoop/mapreduce/lib/jackson-mapper-asl-1.9.13.jar:/opt/hadoop/2.6.0/share/hadoop/mapreduce/lib/jersey-guice-1.9.jar:/opt/hadoop/2.6.0/share/hadoop/mapreduce/lib/asm-3.2.jar:/opt/hadoop/2.6.0/share/hadoop/mapreduce/lib/javax.inject-1.jar:/opt/hadoop/2.6.0/share/hadoop/mapreduce/lib/log4j-1.2.17.jar:/opt/hadoop/2.6.0/share/hadoop/mapreduce/lib/paranamer-2.3.jar:/opt/hadoop/2.6.0/share/hadoop/mapreduce/lib/avro-1.7.4.jar:/opt/hadoop/2.6.0/share/hadoop/mapreduce/lib/jackson-core-asl-1.9.13.jar:/opt/hadoop/2.6.0/share/hadoop/mapreduce/lib/aopalliance-1.0.jar:/opt/hadoop/2.6.0/share/hadoop/mapreduce/lib/hadoop-annotations-2.6.0.jar:/opt/hadoop/2.6.0/share/hadoop/mapreduce/lib/hamcrest-core-1.3.jar:/opt/hadoop/2.6.0/share/hadoop/mapreduce/hadoop-mapreduce-client-shuffle-2.6.0.jar:/opt/hadoop/2.6.0/share/hadoop/mapreduce/hadoop-mapreduce-client-core-2.6.0.jar:/opt/hadoop/2.6.0/share/hadoop/mapreduce/hadoop-mapreduce-client-jobclient-2.6.0.jar:/opt/hadoop/2.6.0/share/hadoop/mapreduce/hadoop-mapreduce-client-hs-2.6.0.jar:/opt/hadoop/2.6.0/share/hadoop/mapreduce/hadoop-mapreduce-client-app-2.6.0.jar:/opt/hadoop/2.6.0/share/hadoop/mapreduce/hadoop-mapreduce-examples-2.6.0.jar:/opt/hadoop/2.6.0/share/hadoop/mapreduce/hadoop-mapreduce-client-common-2.6.0.jar:/opt/hadoop/2.6.0/share/hadoop/mapreduce/hadoop-mapreduce-client-hs-plugins-2.6.0.jar:/opt/hadoop/2.6.0/share/hadoop/mapreduce/hadoop-mapreduce-client-jobclient-2.6.0-tests.jar:/opt/hadoop/2.6.0/contrib/capacity-scheduler/*.jar
STARTUP_MSG:   build = https://git-wip-us.apache.org/repos/asf/hadoop.git -r e3496499ecb8d220fba99dc5ed4c99c8f9e33bb1; compiled by 'jenkins' on 2014-11-13T21:10Z
STARTUP_MSG:   java = 1.8.0_60
************************************************************/
18/12/04 22:09:02 INFO namenode.NameNode: registered UNIX signal handlers for [TERM, HUP, INT]
18/12/04 22:09:02 INFO namenode.NameNode: createNameNode [-format]
18/12/04 22:09:02 WARN util.NativeCodeLoader: Unable to load native-hadoop library for your platform... using builtin-java classes where applicable
18/12/04 22:09:02 WARN common.Util: Path /scratch/avt0332/20433827/namenode_data should be specified as a URI in configuration files. Please update hdfs configuration.
18/12/04 22:09:02 WARN common.Util: Path /scratch/avt0332/20433827/namenode_data should be specified as a URI in configuration files. Please update hdfs configuration.
Formatting using clusterid: CID-0348b47b-b7c9-4670-bdde-69fbeff112f7
18/12/04 22:09:02 INFO namenode.FSNamesystem: No KeyProvider found.
18/12/04 22:09:02 INFO namenode.FSNamesystem: fsLock is fair:true
18/12/04 22:09:02 INFO blockmanagement.DatanodeManager: dfs.block.invalidate.limit=1000
18/12/04 22:09:02 INFO blockmanagement.DatanodeManager: dfs.namenode.datanode.registration.ip-hostname-check=true
18/12/04 22:09:02 INFO blockmanagement.BlockManager: dfs.namenode.startup.delay.block.deletion.sec is set to 000:00:00:00.000
18/12/04 22:09:02 INFO blockmanagement.BlockManager: The block deletion will start around 2018 Dec 04 22:09:02
18/12/04 22:09:02 INFO util.GSet: Computing capacity for map BlocksMap
18/12/04 22:09:02 INFO util.GSet: VM type       = 64-bit
18/12/04 22:09:02 INFO util.GSet: 2.0% max memory 958.5 MB = 19.2 MB
18/12/04 22:09:02 INFO util.GSet: capacity      = 2^21 = 2097152 entries
18/12/04 22:09:02 INFO blockmanagement.BlockManager: dfs.block.access.token.enable=false
18/12/04 22:09:02 INFO blockmanagement.BlockManager: defaultReplication         = 3
18/12/04 22:09:02 INFO blockmanagement.BlockManager: maxReplication             = 512
18/12/04 22:09:02 INFO blockmanagement.BlockManager: minReplication             = 1
18/12/04 22:09:02 INFO blockmanagement.BlockManager: maxReplicationStreams      = 2
18/12/04 22:09:02 INFO blockmanagement.BlockManager: shouldCheckForEnoughRacks  = false
18/12/04 22:09:02 INFO blockmanagement.BlockManager: replicationRecheckInterval = 3000
18/12/04 22:09:02 INFO blockmanagement.BlockManager: encryptDataTransfer        = false
18/12/04 22:09:02 INFO blockmanagement.BlockManager: maxNumBlocksToLog          = 1000
18/12/04 22:09:02 INFO namenode.FSNamesystem: fsOwner             = avt0332 (auth:SIMPLE)
18/12/04 22:09:02 INFO namenode.FSNamesystem: supergroup          = supergroup
18/12/04 22:09:02 INFO namenode.FSNamesystem: isPermissionEnabled = true
18/12/04 22:09:02 INFO namenode.FSNamesystem: HA Enabled: false
18/12/04 22:09:02 INFO namenode.FSNamesystem: Append Enabled: true
18/12/04 22:09:03 INFO util.GSet: Computing capacity for map INodeMap
18/12/04 22:09:03 INFO util.GSet: VM type       = 64-bit
18/12/04 22:09:03 INFO util.GSet: 1.0% max memory 958.5 MB = 9.6 MB
18/12/04 22:09:03 INFO util.GSet: capacity      = 2^20 = 1048576 entries
18/12/04 22:09:03 INFO namenode.NameNode: Caching file names occuring more than 10 times
18/12/04 22:09:03 INFO util.GSet: Computing capacity for map cachedBlocks
18/12/04 22:09:03 INFO util.GSet: VM type       = 64-bit
18/12/04 22:09:03 INFO util.GSet: 0.25% max memory 958.5 MB = 2.4 MB
18/12/04 22:09:03 INFO util.GSet: capacity      = 2^18 = 262144 entries
18/12/04 22:09:03 INFO namenode.FSNamesystem: dfs.namenode.safemode.threshold-pct = 0.9990000128746033
18/12/04 22:09:03 INFO namenode.FSNamesystem: dfs.namenode.safemode.min.datanodes = 0
18/12/04 22:09:03 INFO namenode.FSNamesystem: dfs.namenode.safemode.extension     = 30000
18/12/04 22:09:03 INFO namenode.FSNamesystem: Retry cache on namenode is enabled
18/12/04 22:09:03 INFO namenode.FSNamesystem: Retry cache will use 0.03 of total heap and retry cache entry expiry time is 600000 millis
18/12/04 22:09:03 INFO util.GSet: Computing capacity for map NameNodeRetryCache
18/12/04 22:09:03 INFO util.GSet: VM type       = 64-bit
18/12/04 22:09:03 INFO util.GSet: 0.029999999329447746% max memory 958.5 MB = 294.5 KB
18/12/04 22:09:03 INFO util.GSet: capacity      = 2^15 = 32768 entries
18/12/04 22:09:03 INFO namenode.NNConf: ACLs enabled? false
18/12/04 22:09:03 INFO namenode.NNConf: XAttrs enabled? true
18/12/04 22:09:03 INFO namenode.NNConf: Maximum size of an xattr: 16384
18/12/04 22:09:03 INFO namenode.FSImage: Allocated new BlockPoolId: BP-306729153-198.202.114.224-1543990143149
18/12/04 22:09:03 INFO common.Storage: Storage directory /scratch/avt0332/20433827/namenode_data has been successfully formatted.
18/12/04 22:09:03 INFO namenode.NNStorageRetentionManager: Going to retain 1 images with txid >= 0
18/12/04 22:09:03 INFO util.ExitUtil: Exiting with status 0
18/12/04 22:09:03 INFO namenode.NameNode: SHUTDOWN_MSG: 
/************************************************************
SHUTDOWN_MSG: Shutting down NameNode at comet-13-46.sdsc.edu/198.202.114.224
************************************************************/
18/12/04 22:09:03 WARN util.NativeCodeLoader: Unable to load native-hadoop library for your platform... using builtin-java classes where applicable
Starting namenodes on [comet-13-46.ibnet]
comet-13-46.ibnet: Warning: untrusted X11 forwarding setup failed: xauth key data not generated
comet-13-46.ibnet: Warning: No xauth data; using fake authentication data for X11 forwarding.
comet-13-46.ibnet: starting namenode, logging to /scratch/avt0332/20433827/logs/hadoop-avt0332-namenode-comet-13-46.sdsc.edu.out
comet-13-46.ibnet: Warning: untrusted X11 forwarding setup failed: xauth key data not generated
comet-13-46.ibnet: Warning: No xauth data; using fake authentication data for X11 forwarding.
comet-13-46.ibnet: starting datanode, logging to /scratch/avt0332/20433827/logs/hadoop-avt0332-datanode-comet-13-46.sdsc.edu.out
comet-13-67.ibnet: Warning: untrusted X11 forwarding setup failed: xauth key data not generated
comet-13-67.ibnet: Warning: No xauth data; using fake authentication data for X11 forwarding.
comet-13-67.ibnet: /usr/bin/xauth:  error in locking authority file /home/avt0332/.Xauthority
comet-13-67.ibnet: starting datanode, logging to /scratch/avt0332/20433827/logs/hadoop-avt0332-datanode-comet-13-67.sdsc.edu.out
comet-13-50.ibnet: Warning: untrusted X11 forwarding setup failed: xauth key data not generated
comet-13-50.ibnet: Warning: No xauth data; using fake authentication data for X11 forwarding.
comet-13-50.ibnet: starting datanode, logging to /scratch/avt0332/20433827/logs/hadoop-avt0332-datanode-comet-13-50.sdsc.edu.out
Starting secondary namenodes [comet-13-46.ibnet]
comet-13-46.ibnet: Warning: untrusted X11 forwarding setup failed: xauth key data not generated
comet-13-46.ibnet: Warning: No xauth data; using fake authentication data for X11 forwarding.
comet-13-46.ibnet: starting secondarynamenode, logging to /scratch/avt0332/20433827/logs/hadoop-avt0332-secondarynamenode-comet-13-46.sdsc.edu.out
18/12/04 22:09:20 WARN util.NativeCodeLoader: Unable to load native-hadoop library for your platform... using builtin-java classes where applicable
starting yarn daemons
starting resourcemanager, logging to /scratch/avt0332/20433827/logs/yarn-avt0332-resourcemanager-comet-13-46.out
comet-13-46.ibnet: Warning: untrusted X11 forwarding setup failed: xauth key data not generated
comet-13-46.ibnet: Warning: No xauth data; using fake authentication data for X11 forwarding.
comet-13-46.ibnet: /usr/bin/xauth:  error in locking authority file /home/avt0332/.Xauthority
comet-13-46.ibnet: starting nodemanager, logging to /scratch/avt0332/20433827/logs/yarn-avt0332-nodemanager-comet-13-46.sdsc.edu.out
comet-13-67.ibnet: Warning: untrusted X11 forwarding setup failed: xauth key data not generated
comet-13-67.ibnet: Warning: No xauth data; using fake authentication data for X11 forwarding.
comet-13-67.ibnet: starting nodemanager, logging to /scratch/avt0332/20433827/logs/yarn-avt0332-nodemanager-comet-13-67.sdsc.edu.out
comet-13-50.ibnet: Warning: untrusted X11 forwarding setup failed: xauth key data not generated
comet-13-50.ibnet: Warning: No xauth data; using fake authentication data for X11 forwarding.
comet-13-50.ibnet: starting nodemanager, logging to /scratch/avt0332/20433827/logs/yarn-avt0332-nodemanager-comet-13-50.sdsc.edu.out
18/12/04 22:09:23 WARN util.NativeCodeLoader: Unable to load native-hadoop library for your platform... using builtin-java classes where applicable
18/12/04 22:09:24 WARN util.NativeCodeLoader: Unable to load native-hadoop library for your platform... using builtin-java classes where applicable
18/12/04 22:09:26 WARN util.NativeCodeLoader: Unable to load native-hadoop library for your platform... using builtin-java classes where applicable
18/12/04 22:09:28 WARN util.NativeCodeLoader: Unable to load native-hadoop library for your platform... using builtin-java classes where applicable
18/12/04 22:09:28 INFO client.RMProxy: Connecting to ResourceManager at comet-13-46.ibnet/10.22.252.185:8032
18/12/04 22:09:29 WARN mapreduce.JobSubmitter: Hadoop command-line option parsing not performed. Implement the Tool interface and execute your application with ToolRunner to remedy this.
18/12/04 22:09:29 INFO input.FileInputFormat: Total input paths to process : 1
18/12/04 22:09:29 INFO input.FileInputFormat: Total input paths to process : 1
18/12/04 22:09:29 INFO mapreduce.JobSubmitter: number of splits:2
18/12/04 22:09:29 INFO mapreduce.JobSubmitter: Submitting tokens for job: job_1543990161359_0001
18/12/04 22:09:29 INFO impl.YarnClientImpl: Submitted application application_1543990161359_0001
18/12/04 22:09:29 INFO mapreduce.Job: The url to track the job: http://comet-13-46.ibnet:8088/proxy/application_1543990161359_0001/
18/12/04 22:09:29 INFO mapreduce.Job: Running job: job_1543990161359_0001
18/12/04 22:09:34 INFO mapreduce.Job: Job job_1543990161359_0001 running in uber mode : false
18/12/04 22:09:34 INFO mapreduce.Job:  map 0% reduce 0%
18/12/04 22:09:40 INFO mapreduce.Job:  map 100% reduce 0%
18/12/04 22:09:46 INFO mapreduce.Job:  map 100% reduce 100%
18/12/04 22:09:46 INFO mapreduce.Job: Job job_1543990161359_0001 completed successfully
18/12/04 22:09:46 INFO mapreduce.Job: Counters: 49
	File System Counters
		FILE: Number of bytes read=273774
		FILE: Number of bytes written=865379
		FILE: Number of read operations=0
		FILE: Number of large read operations=0
		FILE: Number of write operations=0
		HDFS: Number of bytes read=250007
		HDFS: Number of bytes written=9002789
		HDFS: Number of read operations=9
		HDFS: Number of large read operations=0
		HDFS: Number of write operations=2
	Job Counters 
		Launched map tasks=2
		Launched reduce tasks=1
		Data-local map tasks=2
		Total time spent by all maps in occupied slots (ms)=6775
		Total time spent by all reduces in occupied slots (ms)=3124
		Total time spent by all map tasks (ms)=6775
		Total time spent by all reduce tasks (ms)=3124
		Total vcore-seconds taken by all map tasks=6775
		Total vcore-seconds taken by all reduce tasks=3124
		Total megabyte-seconds taken by all map tasks=6937600
		Total megabyte-seconds taken by all reduce tasks=3198976
	Map-Reduce Framework
		Map input records=12444
		Map output records=12444
		Map output bytes=248880
		Map output materialized bytes=273780
		Input split bytes=506
		Combine input records=0
		Combine output records=0
		Reduce input groups=100
		Reduce shuffle bytes=273780
		Reduce input records=12444
		Reduce output records=372076
		Spilled Records=24888
		Shuffled Maps =2
		Failed Shuffles=0
		Merged Map outputs=2
		GC time elapsed (ms)=199
		CPU time spent (ms)=8570
		Physical memory (bytes) snapshot=774881280
		Virtual memory (bytes) snapshot=6503424000
		Total committed heap usage (bytes)=552599552
	Shuffle Errors
		BAD_ID=0
		CONNECTION=0
		IO_ERROR=0
		WRONG_LENGTH=0
		WRONG_MAP=0
		WRONG_REDUCE=0
	File Input Format Counters 
		Bytes Read=0
	File Output Format Counters 
		Bytes Written=9002789
18/12/04 22:09:46 INFO client.RMProxy: Connecting to ResourceManager at comet-13-46.ibnet/10.22.252.185:8032
18/12/04 22:09:46 WARN mapreduce.JobSubmitter: Hadoop command-line option parsing not performed. Implement the Tool interface and execute your application with ToolRunner to remedy this.
18/12/04 22:09:47 INFO input.FileInputFormat: Total input paths to process : 1
18/12/04 22:09:47 INFO mapreduce.JobSubmitter: number of splits:1
18/12/04 22:09:47 INFO mapreduce.JobSubmitter: Submitting tokens for job: job_1543990161359_0002
18/12/04 22:09:47 INFO impl.YarnClientImpl: Submitted application application_1543990161359_0002
18/12/04 22:09:47 INFO mapreduce.Job: The url to track the job: http://comet-13-46.ibnet:8088/proxy/application_1543990161359_0002/
18/12/04 22:09:47 INFO mapreduce.Job: Running job: job_1543990161359_0002
18/12/04 22:09:51 INFO mapreduce.Job: Job job_1543990161359_0002 running in uber mode : false
18/12/04 22:09:51 INFO mapreduce.Job:  map 0% reduce 0%
18/12/04 22:09:59 INFO mapreduce.Job:  map 100% reduce 0%
18/12/04 22:10:04 INFO mapreduce.Job:  map 100% reduce 100%
18/12/04 22:10:04 INFO mapreduce.Job: Job job_1543990161359_0002 completed successfully
18/12/04 22:10:04 INFO mapreduce.Job: Counters: 49
	File System Counters
		FILE: Number of bytes read=6697374
		FILE: Number of bytes written=13606137
		FILE: Number of read operations=0
		FILE: Number of large read operations=0
		FILE: Number of write operations=0
		HDFS: Number of bytes read=9002923
		HDFS: Number of bytes written=1463712
		HDFS: Number of read operations=6
		HDFS: Number of large read operations=0
		HDFS: Number of write operations=2
	Job Counters 
		Launched map tasks=1
		Launched reduce tasks=1
		Data-local map tasks=1
		Total time spent by all maps in occupied slots (ms)=5655
		Total time spent by all reduces in occupied slots (ms)=2656
		Total time spent by all map tasks (ms)=5655
		Total time spent by all reduce tasks (ms)=2656
		Total vcore-seconds taken by all map tasks=5655
		Total vcore-seconds taken by all reduce tasks=2656
		Total megabyte-seconds taken by all map tasks=5790720
		Total megabyte-seconds taken by all reduce tasks=2719744
	Map-Reduce Framework
		Map input records=372076
		Map output records=372076
		Map output bytes=5953216
		Map output materialized bytes=6697374
		Input split bytes=134
		Combine input records=0
		Combine output records=0
		Reduce input groups=59889
		Reduce shuffle bytes=6697374
		Reduce input records=372076
		Reduce output records=59889
		Spilled Records=744152
		Shuffled Maps =1
		Failed Shuffles=0
		Merged Map outputs=1
		GC time elapsed (ms)=94
		CPU time spent (ms)=8190
		Physical memory (bytes) snapshot=495271936
		Virtual memory (bytes) snapshot=4341612544
		Total committed heap usage (bytes)=336592896
	Shuffle Errors
		BAD_ID=0
		CONNECTION=0
		IO_ERROR=0
		WRONG_LENGTH=0
		WRONG_MAP=0
		WRONG_REDUCE=0
	File Input Format Counters 
		Bytes Read=9002789
	File Output Format Counters 
		Bytes Written=1463712
18/12/04 22:10:04 WARN util.NativeCodeLoader: Unable to load native-hadoop library for your platform... using builtin-java classes where applicable
stopping yarn daemons
stopping resourcemanager
comet-13-50.ibnet: Warning: untrusted X11 forwarding setup failed: xauth key data not generated
comet-13-50.ibnet: Warning: No xauth data; using fake authentication data for X11 forwarding.
comet-13-50.ibnet: /usr/bin/xauth:  error in locking authority file /home/avt0332/.Xauthority
comet-13-50.ibnet: stopping nodemanager
comet-13-50.ibnet: nodemanager did not stop gracefully after 5 seconds: killing with kill -9
comet-13-67.ibnet: Warning: untrusted X11 forwarding setup failed: xauth key data not generated
comet-13-67.ibnet: Warning: No xauth data; using fake authentication data for X11 forwarding.
comet-13-67.ibnet: /usr/bin/xauth:  error in locking authority file /home/avt0332/.Xauthority
comet-13-67.ibnet: stopping nodemanager
comet-13-67.ibnet: nodemanager did not stop gracefully after 5 seconds: killing with kill -9
comet-13-46.ibnet: Warning: untrusted X11 forwarding setup failed: xauth key data not generated
comet-13-46.ibnet: Warning: No xauth data; using fake authentication data for X11 forwarding.
comet-13-46.ibnet: stopping nodemanager
comet-13-46.ibnet: nodemanager did not stop gracefully after 5 seconds: killing with kill -9
no proxyserver to stop
18/12/04 22:10:16 WARN util.NativeCodeLoader: Unable to load native-hadoop library for your platform... using builtin-java classes where applicable
Stopping namenodes on [comet-13-46.ibnet]
comet-13-46.ibnet: Warning: untrusted X11 forwarding setup failed: xauth key data not generated
comet-13-46.ibnet: Warning: No xauth data; using fake authentication data for X11 forwarding.
comet-13-46.ibnet: stopping namenode
comet-13-50.ibnet: Warning: untrusted X11 forwarding setup failed: xauth key data not generated
comet-13-50.ibnet: Warning: No xauth data; using fake authentication data for X11 forwarding.
comet-13-50.ibnet: /usr/bin/xauth:  error in locking authority file /home/avt0332/.Xauthority
comet-13-50.ibnet: stopping datanode
comet-13-46.ibnet: Warning: untrusted X11 forwarding setup failed: xauth key data not generated
comet-13-46.ibnet: Warning: No xauth data; using fake authentication data for X11 forwarding.
comet-13-46.ibnet: stopping datanode
comet-13-67.ibnet: Warning: untrusted X11 forwarding setup failed: xauth key data not generated
comet-13-67.ibnet: Warning: No xauth data; using fake authentication data for X11 forwarding.
comet-13-67.ibnet: stopping datanode
Stopping secondary namenodes [comet-13-46.ibnet]
comet-13-46.ibnet: Warning: untrusted X11 forwarding setup failed: xauth key data not generated
comet-13-46.ibnet: Warning: No xauth data; using fake authentication data for X11 forwarding.
comet-13-46.ibnet: stopping secondarynamenode
18/12/04 22:10:35 WARN util.NativeCodeLoader: Unable to load native-hadoop library for your platform... using builtin-java classes where applicable
Copying Hadoop logs back to /home/avt0332/cometcluster/logs...
`/scratch/avt0332/20433827/logs' -> `/home/avt0332/cometcluster/logs'
`/scratch/avt0332/20433827/logs/yarn-avt0332-resourcemanager-comet-13-46.log' -> `/home/avt0332/cometcluster/logs/yarn-avt0332-resourcemanager-comet-13-46.log'
`/scratch/avt0332/20433827/logs/SecurityAuth-avt0332.audit' -> `/home/avt0332/cometcluster/logs/SecurityAuth-avt0332.audit'
`/scratch/avt0332/20433827/logs/hadoop-avt0332-namenode-comet-13-46.sdsc.edu.out' -> `/home/avt0332/cometcluster/logs/hadoop-avt0332-namenode-comet-13-46.sdsc.edu.out'
`/scratch/avt0332/20433827/logs/yarn-avt0332-nodemanager-comet-13-46.sdsc.edu.out' -> `/home/avt0332/cometcluster/logs/yarn-avt0332-nodemanager-comet-13-46.sdsc.edu.out'
`/scratch/avt0332/20433827/logs/userlogs' -> `/home/avt0332/cometcluster/logs/userlogs'
`/scratch/avt0332/20433827/logs/userlogs/application_1543990161359_0001' -> `/home/avt0332/cometcluster/logs/userlogs/application_1543990161359_0001'
`/scratch/avt0332/20433827/logs/userlogs/application_1543990161359_0001/container_1543990161359_0001_01_000003' -> `/home/avt0332/cometcluster/logs/userlogs/application_1543990161359_0001/container_1543990161359_0001_01_000003'
`/scratch/avt0332/20433827/logs/userlogs/application_1543990161359_0001/container_1543990161359_0001_01_000003/stderr' -> `/home/avt0332/cometcluster/logs/userlogs/application_1543990161359_0001/container_1543990161359_0001_01_000003/stderr'
`/scratch/avt0332/20433827/logs/userlogs/application_1543990161359_0001/container_1543990161359_0001_01_000003/syslog' -> `/home/avt0332/cometcluster/logs/userlogs/application_1543990161359_0001/container_1543990161359_0001_01_000003/syslog'
`/scratch/avt0332/20433827/logs/userlogs/application_1543990161359_0001/container_1543990161359_0001_01_000003/stdout' -> `/home/avt0332/cometcluster/logs/userlogs/application_1543990161359_0001/container_1543990161359_0001_01_000003/stdout'
`/scratch/avt0332/20433827/logs/userlogs/application_1543990161359_0001/container_1543990161359_0001_01_000002' -> `/home/avt0332/cometcluster/logs/userlogs/application_1543990161359_0001/container_1543990161359_0001_01_000002'
`/scratch/avt0332/20433827/logs/userlogs/application_1543990161359_0001/container_1543990161359_0001_01_000002/stderr' -> `/home/avt0332/cometcluster/logs/userlogs/application_1543990161359_0001/container_1543990161359_0001_01_000002/stderr'
`/scratch/avt0332/20433827/logs/userlogs/application_1543990161359_0001/container_1543990161359_0001_01_000002/stdout' -> `/home/avt0332/cometcluster/logs/userlogs/application_1543990161359_0001/container_1543990161359_0001_01_000002/stdout'
`/scratch/avt0332/20433827/logs/userlogs/application_1543990161359_0001/container_1543990161359_0001_01_000002/syslog' -> `/home/avt0332/cometcluster/logs/userlogs/application_1543990161359_0001/container_1543990161359_0001_01_000002/syslog'
`/scratch/avt0332/20433827/logs/userlogs/application_1543990161359_0002' -> `/home/avt0332/cometcluster/logs/userlogs/application_1543990161359_0002'
`/scratch/avt0332/20433827/logs/userlogs/application_1543990161359_0002/container_1543990161359_0002_01_000003' -> `/home/avt0332/cometcluster/logs/userlogs/application_1543990161359_0002/container_1543990161359_0002_01_000003'
`/scratch/avt0332/20433827/logs/userlogs/application_1543990161359_0002/container_1543990161359_0002_01_000003/stderr' -> `/home/avt0332/cometcluster/logs/userlogs/application_1543990161359_0002/container_1543990161359_0002_01_000003/stderr'
`/scratch/avt0332/20433827/logs/userlogs/application_1543990161359_0002/container_1543990161359_0002_01_000003/stdout' -> `/home/avt0332/cometcluster/logs/userlogs/application_1543990161359_0002/container_1543990161359_0002_01_000003/stdout'
`/scratch/avt0332/20433827/logs/userlogs/application_1543990161359_0002/container_1543990161359_0002_01_000003/syslog' -> `/home/avt0332/cometcluster/logs/userlogs/application_1543990161359_0002/container_1543990161359_0002_01_000003/syslog'
`/scratch/avt0332/20433827/logs/userlogs/application_1543990161359_0002/container_1543990161359_0002_01_000001' -> `/home/avt0332/cometcluster/logs/userlogs/application_1543990161359_0002/container_1543990161359_0002_01_000001'
`/scratch/avt0332/20433827/logs/userlogs/application_1543990161359_0002/container_1543990161359_0002_01_000001/stderr' -> `/home/avt0332/cometcluster/logs/userlogs/application_1543990161359_0002/container_1543990161359_0002_01_000001/stderr'
`/scratch/avt0332/20433827/logs/userlogs/application_1543990161359_0002/container_1543990161359_0002_01_000001/syslog' -> `/home/avt0332/cometcluster/logs/userlogs/application_1543990161359_0002/container_1543990161359_0002_01_000001/syslog'
`/scratch/avt0332/20433827/logs/userlogs/application_1543990161359_0002/container_1543990161359_0002_01_000001/stdout' -> `/home/avt0332/cometcluster/logs/userlogs/application_1543990161359_0002/container_1543990161359_0002_01_000001/stdout'
`/scratch/avt0332/20433827/logs/hadoop-avt0332-secondarynamenode-comet-13-46.sdsc.edu.out' -> `/home/avt0332/cometcluster/logs/hadoop-avt0332-secondarynamenode-comet-13-46.sdsc.edu.out'
`/scratch/avt0332/20433827/logs/hadoop-avt0332-datanode-comet-13-46.sdsc.edu.out' -> `/home/avt0332/cometcluster/logs/hadoop-avt0332-datanode-comet-13-46.sdsc.edu.out'
`/scratch/avt0332/20433827/logs/hadoop-avt0332-datanode-comet-13-46.sdsc.edu.log' -> `/home/avt0332/cometcluster/logs/hadoop-avt0332-datanode-comet-13-46.sdsc.edu.log'
`/scratch/avt0332/20433827/logs/hadoop-avt0332-secondarynamenode-comet-13-46.sdsc.edu.log' -> `/home/avt0332/cometcluster/logs/hadoop-avt0332-secondarynamenode-comet-13-46.sdsc.edu.log'
`/scratch/avt0332/20433827/logs/yarn-avt0332-resourcemanager-comet-13-46.out' -> `/home/avt0332/cometcluster/logs/yarn-avt0332-resourcemanager-comet-13-46.out'
`/scratch/avt0332/20433827/logs/hadoop-avt0332-namenode-comet-13-46.sdsc.edu.log' -> `/home/avt0332/cometcluster/logs/hadoop-avt0332-namenode-comet-13-46.sdsc.edu.log'
`/scratch/avt0332/20433827/logs/yarn-avt0332-nodemanager-comet-13-46.sdsc.edu.log' -> `/home/avt0332/cometcluster/logs/yarn-avt0332-nodemanager-comet-13-46.sdsc.edu.log'
Warning: untrusted X11 forwarding setup failed: xauth key data not generated
Warning: No xauth data; using fake authentication data for X11 forwarding.
removed directory: `/scratch/avt0332/20433827/mapred_scratch/filecache'
removed directory: `/scratch/avt0332/20433827/mapred_scratch/nmPrivate'
removed directory: `/scratch/avt0332/20433827/mapred_scratch/usercache/avt0332/appcache'
removed directory: `/scratch/avt0332/20433827/mapred_scratch/usercache/avt0332/filecache'
removed directory: `/scratch/avt0332/20433827/mapred_scratch/usercache/avt0332'
removed directory: `/scratch/avt0332/20433827/mapred_scratch/usercache'
removed directory: `/scratch/avt0332/20433827/mapred_scratch'
removed `/scratch/avt0332/20433827/tmp/dfs/namesecondary/current/fsimage_0000000000000000186'
removed `/scratch/avt0332/20433827/tmp/dfs/namesecondary/current/edits_0000000000000000001-0000000000000000186'
removed `/scratch/avt0332/20433827/tmp/dfs/namesecondary/current/VERSION'
removed `/scratch/avt0332/20433827/tmp/dfs/namesecondary/current/fsimage_0000000000000000000.md5'
removed `/scratch/avt0332/20433827/tmp/dfs/namesecondary/current/fsimage_0000000000000000000'
removed `/scratch/avt0332/20433827/tmp/dfs/namesecondary/current/fsimage_0000000000000000186.md5'
removed directory: `/scratch/avt0332/20433827/tmp/dfs/namesecondary/current'
removed directory: `/scratch/avt0332/20433827/tmp/dfs/namesecondary'
removed directory: `/scratch/avt0332/20433827/tmp/dfs'
removed directory: `/scratch/avt0332/20433827/tmp'
removed `/scratch/avt0332/20433827/namenode_data/current/fsimage_0000000000000000000.md5'
removed `/scratch/avt0332/20433827/namenode_data/current/edits_inprogress_0000000000000000187'
removed `/scratch/avt0332/20433827/namenode_data/current/seen_txid'
removed `/scratch/avt0332/20433827/namenode_data/current/fsimage_0000000000000000186'
removed `/scratch/avt0332/20433827/namenode_data/current/fsimage_0000000000000000186.md5'
removed `/scratch/avt0332/20433827/namenode_data/current/VERSION'
removed `/scratch/avt0332/20433827/namenode_data/current/fsimage_0000000000000000000'
removed `/scratch/avt0332/20433827/namenode_data/current/edits_0000000000000000001-0000000000000000186'
removed directory: `/scratch/avt0332/20433827/namenode_data/current'
removed directory: `/scratch/avt0332/20433827/namenode_data'
removed directory: `/scratch/avt0332/20433827/hdfs_data/current/BP-306729153-198.202.114.224-1543990143149/current/rbw'
removed `/scratch/avt0332/20433827/hdfs_data/current/BP-306729153-198.202.114.224-1543990143149/current/dfsUsed'
removed `/scratch/avt0332/20433827/hdfs_data/current/BP-306729153-198.202.114.224-1543990143149/current/finalized/subdir0/subdir0/blk_1073741846_1022.meta'
removed `/scratch/avt0332/20433827/hdfs_data/current/BP-306729153-198.202.114.224-1543990143149/current/finalized/subdir0/subdir0/blk_1073741825_1001.meta'
removed `/scratch/avt0332/20433827/hdfs_data/current/BP-306729153-198.202.114.224-1543990143149/current/finalized/subdir0/subdir0/blk_1073741836_1012.meta'
removed `/scratch/avt0332/20433827/hdfs_data/current/BP-306729153-198.202.114.224-1543990143149/current/finalized/subdir0/subdir0/blk_1073741833'
removed `/scratch/avt0332/20433827/hdfs_data/current/BP-306729153-198.202.114.224-1543990143149/current/finalized/subdir0/subdir0/blk_1073741844'
removed `/scratch/avt0332/20433827/hdfs_data/current/BP-306729153-198.202.114.224-1543990143149/current/finalized/subdir0/subdir0/blk_1073741843'
removed `/scratch/avt0332/20433827/hdfs_data/current/BP-306729153-198.202.114.224-1543990143149/current/finalized/subdir0/subdir0/blk_1073741834'
removed `/scratch/avt0332/20433827/hdfs_data/current/BP-306729153-198.202.114.224-1543990143149/current/finalized/subdir0/subdir0/blk_1073741834_1010.meta'
removed `/scratch/avt0332/20433827/hdfs_data/current/BP-306729153-198.202.114.224-1543990143149/current/finalized/subdir0/subdir0/blk_1073741825'
removed `/scratch/avt0332/20433827/hdfs_data/current/BP-306729153-198.202.114.224-1543990143149/current/finalized/subdir0/subdir0/blk_1073741836'
removed `/scratch/avt0332/20433827/hdfs_data/current/BP-306729153-198.202.114.224-1543990143149/current/finalized/subdir0/subdir0/blk_1073741826_1002.meta'
removed `/scratch/avt0332/20433827/hdfs_data/current/BP-306729153-198.202.114.224-1543990143149/current/finalized/subdir0/subdir0/blk_1073741846'
removed `/scratch/avt0332/20433827/hdfs_data/current/BP-306729153-198.202.114.224-1543990143149/current/finalized/subdir0/subdir0/blk_1073741845_1021.meta'
removed `/scratch/avt0332/20433827/hdfs_data/current/BP-306729153-198.202.114.224-1543990143149/current/finalized/subdir0/subdir0/blk_1073741826'
removed `/scratch/avt0332/20433827/hdfs_data/current/BP-306729153-198.202.114.224-1543990143149/current/finalized/subdir0/subdir0/blk_1073741843_1019.meta'
removed `/scratch/avt0332/20433827/hdfs_data/current/BP-306729153-198.202.114.224-1543990143149/current/finalized/subdir0/subdir0/blk_1073741835'
removed `/scratch/avt0332/20433827/hdfs_data/current/BP-306729153-198.202.114.224-1543990143149/current/finalized/subdir0/subdir0/blk_1073741844_1020.meta'
removed `/scratch/avt0332/20433827/hdfs_data/current/BP-306729153-198.202.114.224-1543990143149/current/finalized/subdir0/subdir0/blk_1073741833_1009.meta'
removed `/scratch/avt0332/20433827/hdfs_data/current/BP-306729153-198.202.114.224-1543990143149/current/finalized/subdir0/subdir0/blk_1073741845'
removed `/scratch/avt0332/20433827/hdfs_data/current/BP-306729153-198.202.114.224-1543990143149/current/finalized/subdir0/subdir0/blk_1073741835_1011.meta'
removed directory: `/scratch/avt0332/20433827/hdfs_data/current/BP-306729153-198.202.114.224-1543990143149/current/finalized/subdir0/subdir0'
removed directory: `/scratch/avt0332/20433827/hdfs_data/current/BP-306729153-198.202.114.224-1543990143149/current/finalized/subdir0'
removed directory: `/scratch/avt0332/20433827/hdfs_data/current/BP-306729153-198.202.114.224-1543990143149/current/finalized'
removed `/scratch/avt0332/20433827/hdfs_data/current/BP-306729153-198.202.114.224-1543990143149/current/VERSION'
removed directory: `/scratch/avt0332/20433827/hdfs_data/current/BP-306729153-198.202.114.224-1543990143149/current'
removed `/scratch/avt0332/20433827/hdfs_data/current/BP-306729153-198.202.114.224-1543990143149/dncp_block_verification.log.prev'
removed `/scratch/avt0332/20433827/hdfs_data/current/BP-306729153-198.202.114.224-1543990143149/dncp_block_verification.log.curr'
removed directory: `/scratch/avt0332/20433827/hdfs_data/current/BP-306729153-198.202.114.224-1543990143149/tmp'
removed directory: `/scratch/avt0332/20433827/hdfs_data/current/BP-306729153-198.202.114.224-1543990143149'
removed `/scratch/avt0332/20433827/hdfs_data/current/VERSION'
removed directory: `/scratch/avt0332/20433827/hdfs_data/current'
removed directory: `/scratch/avt0332/20433827/hdfs_data'
removed directory: `/scratch/avt0332/20433827/pids'
removed `/scratch/avt0332/20433827/logs/yarn-avt0332-resourcemanager-comet-13-46.log'
removed `/scratch/avt0332/20433827/logs/SecurityAuth-avt0332.audit'
removed `/scratch/avt0332/20433827/logs/hadoop-avt0332-namenode-comet-13-46.sdsc.edu.out'
removed `/scratch/avt0332/20433827/logs/yarn-avt0332-nodemanager-comet-13-46.sdsc.edu.out'
removed `/scratch/avt0332/20433827/logs/userlogs/application_1543990161359_0001/container_1543990161359_0001_01_000003/stderr'
removed `/scratch/avt0332/20433827/logs/userlogs/application_1543990161359_0001/container_1543990161359_0001_01_000003/syslog'
removed `/scratch/avt0332/20433827/logs/userlogs/application_1543990161359_0001/container_1543990161359_0001_01_000003/stdout'
removed directory: `/scratch/avt0332/20433827/logs/userlogs/application_1543990161359_0001/container_1543990161359_0001_01_000003'
removed `/scratch/avt0332/20433827/logs/userlogs/application_1543990161359_0001/container_1543990161359_0001_01_000002/stderr'
removed `/scratch/avt0332/20433827/logs/userlogs/application_1543990161359_0001/container_1543990161359_0001_01_000002/stdout'
removed `/scratch/avt0332/20433827/logs/userlogs/application_1543990161359_0001/container_1543990161359_0001_01_000002/syslog'
removed directory: `/scratch/avt0332/20433827/logs/userlogs/application_1543990161359_0001/container_1543990161359_0001_01_000002'
removed directory: `/scratch/avt0332/20433827/logs/userlogs/application_1543990161359_0001'
removed `/scratch/avt0332/20433827/logs/userlogs/application_1543990161359_0002/container_1543990161359_0002_01_000003/stderr'
removed `/scratch/avt0332/20433827/logs/userlogs/application_1543990161359_0002/container_1543990161359_0002_01_000003/stdout'
removed `/scratch/avt0332/20433827/logs/userlogs/application_1543990161359_0002/container_1543990161359_0002_01_000003/syslog'
removed directory: `/scratch/avt0332/20433827/logs/userlogs/application_1543990161359_0002/container_1543990161359_0002_01_000003'
removed `/scratch/avt0332/20433827/logs/userlogs/application_1543990161359_0002/container_1543990161359_0002_01_000001/stderr'
removed `/scratch/avt0332/20433827/logs/userlogs/application_1543990161359_0002/container_1543990161359_0002_01_000001/syslog'
removed `/scratch/avt0332/20433827/logs/userlogs/application_1543990161359_0002/container_1543990161359_0002_01_000001/stdout'
removed directory: `/scratch/avt0332/20433827/logs/userlogs/application_1543990161359_0002/container_1543990161359_0002_01_000001'
removed directory: `/scratch/avt0332/20433827/logs/userlogs/application_1543990161359_0002'
removed directory: `/scratch/avt0332/20433827/logs/userlogs'
removed `/scratch/avt0332/20433827/logs/hadoop-avt0332-secondarynamenode-comet-13-46.sdsc.edu.out'
removed `/scratch/avt0332/20433827/logs/hadoop-avt0332-datanode-comet-13-46.sdsc.edu.out'
removed `/scratch/avt0332/20433827/logs/hadoop-avt0332-datanode-comet-13-46.sdsc.edu.log'
removed `/scratch/avt0332/20433827/logs/hadoop-avt0332-secondarynamenode-comet-13-46.sdsc.edu.log'
removed `/scratch/avt0332/20433827/logs/yarn-avt0332-resourcemanager-comet-13-46.out'
removed `/scratch/avt0332/20433827/logs/hadoop-avt0332-namenode-comet-13-46.sdsc.edu.log'
removed `/scratch/avt0332/20433827/logs/yarn-avt0332-nodemanager-comet-13-46.sdsc.edu.log'
removed directory: `/scratch/avt0332/20433827/logs'
Warning: untrusted X11 forwarding setup failed: xauth key data not generated
Warning: No xauth data; using fake authentication data for X11 forwarding.
removed directory: `/scratch/avt0332/20433827/mapred_scratch/filecache'
removed directory: `/scratch/avt0332/20433827/mapred_scratch/usercache/avt0332/filecache'
removed directory: `/scratch/avt0332/20433827/mapred_scratch/usercache/avt0332/appcache'
removed directory: `/scratch/avt0332/20433827/mapred_scratch/usercache/avt0332'
removed directory: `/scratch/avt0332/20433827/mapred_scratch/usercache'
removed directory: `/scratch/avt0332/20433827/mapred_scratch/nmPrivate'
removed directory: `/scratch/avt0332/20433827/mapred_scratch'
removed `/scratch/avt0332/20433827/hdfs_data/current/BP-306729153-198.202.114.224-1543990143149/dncp_block_verification.log.curr'
removed `/scratch/avt0332/20433827/hdfs_data/current/BP-306729153-198.202.114.224-1543990143149/current/finalized/subdir0/subdir0/blk_1073741845_1021.meta'
removed `/scratch/avt0332/20433827/hdfs_data/current/BP-306729153-198.202.114.224-1543990143149/current/finalized/subdir0/subdir0/blk_1073741826_1002.meta'
removed `/scratch/avt0332/20433827/hdfs_data/current/BP-306729153-198.202.114.224-1543990143149/current/finalized/subdir0/subdir0/blk_1073741834_1010.meta'
removed `/scratch/avt0332/20433827/hdfs_data/current/BP-306729153-198.202.114.224-1543990143149/current/finalized/subdir0/subdir0/blk_1073741844'
removed `/scratch/avt0332/20433827/hdfs_data/current/BP-306729153-198.202.114.224-1543990143149/current/finalized/subdir0/subdir0/blk_1073741833'
removed `/scratch/avt0332/20433827/hdfs_data/current/BP-306729153-198.202.114.224-1543990143149/current/finalized/subdir0/subdir0/blk_1073741835_1011.meta'
removed `/scratch/avt0332/20433827/hdfs_data/current/BP-306729153-198.202.114.224-1543990143149/current/finalized/subdir0/subdir0/blk_1073741844_1020.meta'
removed `/scratch/avt0332/20433827/hdfs_data/current/BP-306729153-198.202.114.224-1543990143149/current/finalized/subdir0/subdir0/blk_1073741833_1009.meta'
removed `/scratch/avt0332/20433827/hdfs_data/current/BP-306729153-198.202.114.224-1543990143149/current/finalized/subdir0/subdir0/blk_1073741834'
removed `/scratch/avt0332/20433827/hdfs_data/current/BP-306729153-198.202.114.224-1543990143149/current/finalized/subdir0/subdir0/blk_1073741843'
removed `/scratch/avt0332/20433827/hdfs_data/current/BP-306729153-198.202.114.224-1543990143149/current/finalized/subdir0/subdir0/blk_1073741843_1019.meta'
removed `/scratch/avt0332/20433827/hdfs_data/current/BP-306729153-198.202.114.224-1543990143149/current/finalized/subdir0/subdir0/blk_1073741836'
removed `/scratch/avt0332/20433827/hdfs_data/current/BP-306729153-198.202.114.224-1543990143149/current/finalized/subdir0/subdir0/blk_1073741825'
removed `/scratch/avt0332/20433827/hdfs_data/current/BP-306729153-198.202.114.224-1543990143149/current/finalized/subdir0/subdir0/blk_1073741825_1001.meta'
removed `/scratch/avt0332/20433827/hdfs_data/current/BP-306729153-198.202.114.224-1543990143149/current/finalized/subdir0/subdir0/blk_1073741846_1022.meta'
removed `/scratch/avt0332/20433827/hdfs_data/current/BP-306729153-198.202.114.224-1543990143149/current/finalized/subdir0/subdir0/blk_1073741846'
removed `/scratch/avt0332/20433827/hdfs_data/current/BP-306729153-198.202.114.224-1543990143149/current/finalized/subdir0/subdir0/blk_1073741835'
removed `/scratch/avt0332/20433827/hdfs_data/current/BP-306729153-198.202.114.224-1543990143149/current/finalized/subdir0/subdir0/blk_1073741826'
removed `/scratch/avt0332/20433827/hdfs_data/current/BP-306729153-198.202.114.224-1543990143149/current/finalized/subdir0/subdir0/blk_1073741836_1012.meta'
removed `/scratch/avt0332/20433827/hdfs_data/current/BP-306729153-198.202.114.224-1543990143149/current/finalized/subdir0/subdir0/blk_1073741845'
removed directory: `/scratch/avt0332/20433827/hdfs_data/current/BP-306729153-198.202.114.224-1543990143149/current/finalized/subdir0/subdir0'
removed directory: `/scratch/avt0332/20433827/hdfs_data/current/BP-306729153-198.202.114.224-1543990143149/current/finalized/subdir0'
removed directory: `/scratch/avt0332/20433827/hdfs_data/current/BP-306729153-198.202.114.224-1543990143149/current/finalized'
removed `/scratch/avt0332/20433827/hdfs_data/current/BP-306729153-198.202.114.224-1543990143149/current/dfsUsed'
removed directory: `/scratch/avt0332/20433827/hdfs_data/current/BP-306729153-198.202.114.224-1543990143149/current/rbw'
removed `/scratch/avt0332/20433827/hdfs_data/current/BP-306729153-198.202.114.224-1543990143149/current/VERSION'
removed directory: `/scratch/avt0332/20433827/hdfs_data/current/BP-306729153-198.202.114.224-1543990143149/current'
removed `/scratch/avt0332/20433827/hdfs_data/current/BP-306729153-198.202.114.224-1543990143149/dncp_block_verification.log.prev'
removed directory: `/scratch/avt0332/20433827/hdfs_data/current/BP-306729153-198.202.114.224-1543990143149/tmp'
removed directory: `/scratch/avt0332/20433827/hdfs_data/current/BP-306729153-198.202.114.224-1543990143149'
removed `/scratch/avt0332/20433827/hdfs_data/current/VERSION'
removed directory: `/scratch/avt0332/20433827/hdfs_data/current'
removed directory: `/scratch/avt0332/20433827/hdfs_data'
removed directory: `/scratch/avt0332/20433827/pids'
removed `/scratch/avt0332/20433827/logs/yarn-avt0332-nodemanager-comet-13-50.sdsc.edu.out'
removed `/scratch/avt0332/20433827/logs/hadoop-avt0332-datanode-comet-13-50.sdsc.edu.out'
removed `/scratch/avt0332/20433827/logs/yarn-avt0332-nodemanager-comet-13-50.sdsc.edu.log'
removed `/scratch/avt0332/20433827/logs/hadoop-avt0332-datanode-comet-13-50.sdsc.edu.log'
removed `/scratch/avt0332/20433827/logs/userlogs/application_1543990161359_0001/container_1543990161359_0001_01_000004/stderr'
removed `/scratch/avt0332/20433827/logs/userlogs/application_1543990161359_0001/container_1543990161359_0001_01_000004/syslog'
removed `/scratch/avt0332/20433827/logs/userlogs/application_1543990161359_0001/container_1543990161359_0001_01_000004/stdout'
removed directory: `/scratch/avt0332/20433827/logs/userlogs/application_1543990161359_0001/container_1543990161359_0001_01_000004'
removed directory: `/scratch/avt0332/20433827/logs/userlogs/application_1543990161359_0001'
removed directory: `/scratch/avt0332/20433827/logs/userlogs'
removed `/scratch/avt0332/20433827/logs/SecurityAuth-avt0332.audit'
removed directory: `/scratch/avt0332/20433827/logs'
Warning: untrusted X11 forwarding setup failed: xauth key data not generated
Warning: No xauth data; using fake authentication data for X11 forwarding.
removed directory: `/scratch/avt0332/20433827/mapred_scratch/nmPrivate'
removed directory: `/scratch/avt0332/20433827/mapred_scratch/usercache/avt0332/filecache'
removed directory: `/scratch/avt0332/20433827/mapred_scratch/usercache/avt0332/appcache'
removed directory: `/scratch/avt0332/20433827/mapred_scratch/usercache/avt0332'
removed directory: `/scratch/avt0332/20433827/mapred_scratch/usercache'
removed directory: `/scratch/avt0332/20433827/mapred_scratch/filecache'
removed directory: `/scratch/avt0332/20433827/mapred_scratch'
removed `/scratch/avt0332/20433827/hdfs_data/current/VERSION'
removed `/scratch/avt0332/20433827/hdfs_data/current/BP-306729153-198.202.114.224-1543990143149/dncp_block_verification.log.curr'
removed directory: `/scratch/avt0332/20433827/hdfs_data/current/BP-306729153-198.202.114.224-1543990143149/tmp'
removed directory: `/scratch/avt0332/20433827/hdfs_data/current/BP-306729153-198.202.114.224-1543990143149/current/rbw'
removed `/scratch/avt0332/20433827/hdfs_data/current/BP-306729153-198.202.114.224-1543990143149/current/finalized/subdir0/subdir0/blk_1073741825_1001.meta'
removed `/scratch/avt0332/20433827/hdfs_data/current/BP-306729153-198.202.114.224-1543990143149/current/finalized/subdir0/subdir0/blk_1073741846_1022.meta'
removed `/scratch/avt0332/20433827/hdfs_data/current/BP-306729153-198.202.114.224-1543990143149/current/finalized/subdir0/subdir0/blk_1073741844'
removed `/scratch/avt0332/20433827/hdfs_data/current/BP-306729153-198.202.114.224-1543990143149/current/finalized/subdir0/subdir0/blk_1073741833'
removed `/scratch/avt0332/20433827/hdfs_data/current/BP-306729153-198.202.114.224-1543990143149/current/finalized/subdir0/subdir0/blk_1073741834'
removed `/scratch/avt0332/20433827/hdfs_data/current/BP-306729153-198.202.114.224-1543990143149/current/finalized/subdir0/subdir0/blk_1073741843'
removed `/scratch/avt0332/20433827/hdfs_data/current/BP-306729153-198.202.114.224-1543990143149/current/finalized/subdir0/subdir0/blk_1073741836_1012.meta'
removed `/scratch/avt0332/20433827/hdfs_data/current/BP-306729153-198.202.114.224-1543990143149/current/finalized/subdir0/subdir0/blk_1073741825'
removed `/scratch/avt0332/20433827/hdfs_data/current/BP-306729153-198.202.114.224-1543990143149/current/finalized/subdir0/subdir0/blk_1073741845_1021.meta'
removed `/scratch/avt0332/20433827/hdfs_data/current/BP-306729153-198.202.114.224-1543990143149/current/finalized/subdir0/subdir0/blk_1073741836'
removed `/scratch/avt0332/20433827/hdfs_data/current/BP-306729153-198.202.114.224-1543990143149/current/finalized/subdir0/subdir0/blk_1073741826_1002.meta'
removed `/scratch/avt0332/20433827/hdfs_data/current/BP-306729153-198.202.114.224-1543990143149/current/finalized/subdir0/subdir0/blk_1073741846'
removed `/scratch/avt0332/20433827/hdfs_data/current/BP-306729153-198.202.114.224-1543990143149/current/finalized/subdir0/subdir0/blk_1073741834_1010.meta'
removed `/scratch/avt0332/20433827/hdfs_data/current/BP-306729153-198.202.114.224-1543990143149/current/finalized/subdir0/subdir0/blk_1073741826'
removed `/scratch/avt0332/20433827/hdfs_data/current/BP-306729153-198.202.114.224-1543990143149/current/finalized/subdir0/subdir0/blk_1073741835'
removed `/scratch/avt0332/20433827/hdfs_data/current/BP-306729153-198.202.114.224-1543990143149/current/finalized/subdir0/subdir0/blk_1073741835_1011.meta'
removed `/scratch/avt0332/20433827/hdfs_data/current/BP-306729153-198.202.114.224-1543990143149/current/finalized/subdir0/subdir0/blk_1073741833_1009.meta'
removed `/scratch/avt0332/20433827/hdfs_data/current/BP-306729153-198.202.114.224-1543990143149/current/finalized/subdir0/subdir0/blk_1073741844_1020.meta'
removed `/scratch/avt0332/20433827/hdfs_data/current/BP-306729153-198.202.114.224-1543990143149/current/finalized/subdir0/subdir0/blk_1073741845'
removed `/scratch/avt0332/20433827/hdfs_data/current/BP-306729153-198.202.114.224-1543990143149/current/finalized/subdir0/subdir0/blk_1073741843_1019.meta'
removed directory: `/scratch/avt0332/20433827/hdfs_data/current/BP-306729153-198.202.114.224-1543990143149/current/finalized/subdir0/subdir0'
removed directory: `/scratch/avt0332/20433827/hdfs_data/current/BP-306729153-198.202.114.224-1543990143149/current/finalized/subdir0'
removed directory: `/scratch/avt0332/20433827/hdfs_data/current/BP-306729153-198.202.114.224-1543990143149/current/finalized'
removed `/scratch/avt0332/20433827/hdfs_data/current/BP-306729153-198.202.114.224-1543990143149/current/dfsUsed'
removed `/scratch/avt0332/20433827/hdfs_data/current/BP-306729153-198.202.114.224-1543990143149/current/VERSION'
removed directory: `/scratch/avt0332/20433827/hdfs_data/current/BP-306729153-198.202.114.224-1543990143149/current'
removed `/scratch/avt0332/20433827/hdfs_data/current/BP-306729153-198.202.114.224-1543990143149/dncp_block_verification.log.prev'
removed directory: `/scratch/avt0332/20433827/hdfs_data/current/BP-306729153-198.202.114.224-1543990143149'
removed directory: `/scratch/avt0332/20433827/hdfs_data/current'
removed directory: `/scratch/avt0332/20433827/hdfs_data'
removed directory: `/scratch/avt0332/20433827/pids'
removed `/scratch/avt0332/20433827/logs/hadoop-avt0332-datanode-comet-13-67.sdsc.edu.out'
removed `/scratch/avt0332/20433827/logs/yarn-avt0332-nodemanager-comet-13-67.sdsc.edu.log'
removed `/scratch/avt0332/20433827/logs/SecurityAuth-avt0332.audit'
removed `/scratch/avt0332/20433827/logs/yarn-avt0332-nodemanager-comet-13-67.sdsc.edu.out'
removed `/scratch/avt0332/20433827/logs/userlogs/application_1543990161359_0001/container_1543990161359_0001_01_000001/stderr'
removed `/scratch/avt0332/20433827/logs/userlogs/application_1543990161359_0001/container_1543990161359_0001_01_000001/syslog'
removed `/scratch/avt0332/20433827/logs/userlogs/application_1543990161359_0001/container_1543990161359_0001_01_000001/stdout'
removed directory: `/scratch/avt0332/20433827/logs/userlogs/application_1543990161359_0001/container_1543990161359_0001_01_000001'
removed directory: `/scratch/avt0332/20433827/logs/userlogs/application_1543990161359_0001'
removed `/scratch/avt0332/20433827/logs/userlogs/application_1543990161359_0002/container_1543990161359_0002_01_000002/stdout'
removed `/scratch/avt0332/20433827/logs/userlogs/application_1543990161359_0002/container_1543990161359_0002_01_000002/syslog'
removed `/scratch/avt0332/20433827/logs/userlogs/application_1543990161359_0002/container_1543990161359_0002_01_000002/stderr'
removed directory: `/scratch/avt0332/20433827/logs/userlogs/application_1543990161359_0002/container_1543990161359_0002_01_000002'
removed directory: `/scratch/avt0332/20433827/logs/userlogs/application_1543990161359_0002'
removed directory: `/scratch/avt0332/20433827/logs/userlogs'
removed `/scratch/avt0332/20433827/logs/hadoop-avt0332-datanode-comet-13-67.sdsc.edu.log'
removed directory: `/scratch/avt0332/20433827/logs'
removed directory: `/tmp/Jetty_0_0_0_0_50075_datanode____hwtdwq_3772934671127811268/.active'
removed directory: `/tmp/Jetty_0_0_0_0_50075_datanode____hwtdwq_3772934671127811268/jsp'
removed directory: `/tmp/Jetty_0_0_0_0_50075_datanode____hwtdwq_3772934671127811268'
removed directory: `/tmp/Jetty_comet.13.46_ibnet_50090_secondary____.tqd5cn/.active'
removed directory: `/tmp/Jetty_comet.13.46_ibnet_50090_secondary____.tqd5cn/jsp'
removed directory: `/tmp/Jetty_comet.13.46_ibnet_50090_secondary____.tqd5cn'
removed directory: `/tmp/Jetty_0_0_0_0_50070_hdfs____w2cu08/.active'
removed directory: `/tmp/Jetty_0_0_0_0_50070_hdfs____w2cu08/jsp'
removed directory: `/tmp/Jetty_0_0_0_0_50070_hdfs____w2cu08'
